header.c
header.h
obs_encodings.pkl
s10_1024_add_0.c
s10_1024_mul_0.c
s10_1024_mul_1.c
s10_128_mul_3.c
s10_16384_add_3.c
s10_16384_mul_4.c
s10_2048_add_2.c
s10_2048_mul_0.c
s10_2048_sub_2.c
s10_2048_sub_4.c
s10_256_add_2.c
s10_4096_add_1.c
s10_4096_sub_0.c
s10_512_add_1.c
s10_512_add_3.c
s10_512_sub_0.c
s10_64_sub_1.c
s10_64_sub_4.c
s10_8192_add_2.c
s10_8192_mul_1.c
s10_8192_sub_1.c
s10_8192_sub_2.c
s11_1024_add_5.c
s11_1024_sub_2.c
s11_128_add_2.c
s11_128_mul_0.c
s11_16384_add_3.c
s11_16384_mul_2.c
s11_16384_mul_3.c
s11_16384_mul_4.c
s11_16384_sub_3.c
s11_16384_sub_5.c
s11_2048_mul_2.c
s11_2048_mul_3.c
s11_256_add_0.c
s11_256_mul_4.c
s11_256_sub_0.c
s11_256_sub_3.c
s11_4096_mul_0.c
s11_64_add_1.c
s11_64_add_3.c
s11_64_add_4.c
s11_64_add_5.c
s11_64_mul_2.c
s11_64_mul_5.c
s11_64_sub_4.c
s11_64_sub_5.c
s11_8192_mul_0.c
s11_8192_mul_3.c
s11_8192_mul_5.c
s12_1024_2_short_a_assign.c
s12_1024_2_short_a_ia.c
s12_1024_in_assign.c
s12_1024_in_out.c
s12_1024_short_a_assign.c
s12_1024_short_a_ia.c
s12_128_2_2_input_out.c
s12_128_2_2_short_a_assign.c
s12_128_2_4_sa_result.c
s12_128_2_4_short_a_result.c
s12_128_2_in_ia.c
s12_128_2_input_result.c
s12_128_sa_ia.c
s12_16384_2_2_sa_result.c
s12_16384_2_4_sa_ia.c
s12_16384_2_input_result.c
s12_16384_input_out.c
s12_16384_sa_ia.c
s12_16384_short_a_result.c
s12_2048_2_2_in_out.c
s12_2048_2_2_sa_assign.c
s12_2048_2_2_short_a_out.c
s12_2048_2_4_input_assign.c
s12_2048_2_in_ia.c
s12_2048_2_sa_assign.c
s12_2048_input_result.c
s12_2048_sa_out.c
s12_2048_short_a_assign.c
s12_2048_short_a_ia.c
s12_256_2_2_in_ia.c
s12_256_2_2_input_assign.c
s12_256_2_2_input_ia.c
s12_256_2_2_input_result.c
s12_256_2_in_assign.c
s12_256_sa_ia.c
s12_256_short_a_ia.c
s12_256_short_a_out.c
s12_4096_2_2_in_result.c
s12_4096_2_4_in_assign.c
s12_4096_2_4_sa_ia.c
s12_4096_2_4_short_a_result.c
s12_4096_2_input_out.c
s12_4096_2_sa_assign.c
s12_4096_in_ia.c
s12_4096_in_out.c
s12_4096_short_a_out.c
s12_512_2_2_in_assign.c
s12_512_2_2_in_out.c
s12_512_2_2_input_assign.c
s12_512_2_4_in_out.c
s12_512_2_sa_result.c
s12_512_in_out.c
s12_64_2_2_in_ia.c
s12_64_2_2_input_ia.c
s12_64_2_2_sa_assign.c
s12_64_2_2_short_a_result.c
s12_64_2_4_sa_assign.c
s12_64_2_input_assign.c
s12_64_2_sa_out.c
s12_64_short_a_assign.c
s12_8192_2_2_sa_assign.c
s12_8192_2_2_sa_result.c
s12_8192_2_2_short_a_assign.c
s12_8192_2_4_in_out.c
s12_8192_2_4_input_out.c
s12_8192_2_4_sa_out.c
s12_8192_2_4_sa_result.c
s12_8192_2_sa_out.c
s12_8192_2_short_a_assign.c
s12_8192_input_ia.c
s12_8192_sa_result.c
s12_8192_short_a_out.c
s12n_1024_2_2_in1_result1.c
s12n_1024_2_2_sa_out1.c
s12n_1024_2_in1_out1.c
s12n_1024_2_short_a_result1.c
s12n_1024_input1_ia.c
s12n_1024_input1_result1.c
s12n_1024_sa_ia.c
s12n_1024_short_a_result1.c
s12n_128_2_2_short_a_result1.c
s12n_128_2_in1_out1.c
s12n_128_sa_ia.c
s12n_16384_2_2_in1_out1.c
s12n_16384_2_in1_out1.c
s12n_16384_2_input1_assign1.c
s12n_16384_2_input1_ia.c
s12n_16384_sa_ia.c
s12n_2048_2_2_short_a_ia.c
s12n_2048_2_in1_out1.c
s12n_2048_2_short_a_ia.c
s12n_2048_2_short_a_out1.c
s12n_2048_in1_assign1.c
s12n_2048_input1_ia.c
s12n_2048_sa_assign1.c
s12n_2048_short_a_assign1.c
s12n_256_2_in1_assign1.c
s12n_256_2_sa_assign1.c
s12n_256_2_sa_result1.c
s12n_256_2_short_a_ia.c
s12n_256_input1_result1.c
s12n_256_sa_assign1.c
s12n_4096_2_2_input1_ia.c
s12n_4096_2_in1_ia.c
s12n_4096_2_in1_out1.c
s12n_4096_2_in1_result1.c
s12n_4096_2_input1_ia.c
s12n_4096_2_short_a_assign1.c
s12n_4096_2_short_a_ia.c
s12n_4096_input1_out1.c
s12n_4096_short_a_result1.c
s12n_512_2_2_in1_result1.c
s12n_512_2_2_sa_assign1.c
s12n_512_2_2_short_a_assign1.c
s12n_512_2_sa_assign1.c
s12n_512_2_sa_ia.c
s12n_512_2_short_a_assign1.c
s12n_512_short_a_out1.c
s12n_512_short_a_result1.c
s12n_64_2_2_in1_result1.c
s12n_64_2_2_input1_ia.c
s12n_64_2_2_sa_ia.c
s12n_64_2_input1_result1.c
s12n_64_in1_result1.c
s12n_64_input1_ia.c
s12n_64_input1_result1.c
s12n_8192_2_2_in1_assign1.c
s12n_8192_2_2_short_a_assign1.c
s12n_8192_2_in1_result1.c
s12n_8192_2_sa_ia.c
s12n_8192_input1_ia.c
s12n_8192_short_a_result1.c
s12nn_1024_2_2_in1_ia.c
s12nn_1024_2_2_in1_out1.c
s12nn_1024_2_2_in1_result1.c
s12nn_1024_2_2_input1_result1.c
s12nn_1024_2_2_sa_assign1.c
s12nn_1024_2_input1_ia.c
s12nn_1024_in1_assign1.c
s12nn_1024_in1_out1.c
s12nn_1024_sa_result1.c
s12nn_1024_short_a_result1.c
s12nn_128_2_2_input1_assign1.c
s12nn_128_2_2_input1_ia.c
s12nn_128_2_2_sa_assign1.c
s12nn_128_2_in1_out1.c
s12nn_128_2_sa_ia.c
s12nn_128_in1_assign1.c
s12nn_16384_2_2_input1_out1.c
s12nn_16384_2_2_sa_out1.c
s12nn_16384_2_input1_out1.c
s12nn_16384_in1_out1.c
s12nn_16384_sa_result1.c
s12nn_16384_short_a_assign1.c
s12nn_2048_2_2_sa_result1.c
s12nn_2048_2_in1_result1.c
s12nn_2048_2_input1_ia.c
s12nn_2048_2_short_a_assign1.c
s12nn_2048_2_short_a_ia.c
s12nn_2048_2_short_a_result1.c
s12nn_2048_short_a_result1.c
s12nn_256_2_2_input1_assign1.c
s12nn_256_2_2_input1_out1.c
s12nn_256_2_2_short_a_out1.c
s12nn_256_2_in1_ia.c
s12nn_256_2_input1_ia.c
s12nn_256_2_input1_out1.c
s12nn_256_input1_result1.c
s12nn_256_short_a_ia.c
s12nn_4096_2_2_sa_assign1.c
s12nn_4096_2_2_sa_result1.c
s12nn_4096_2_in1_assign1.c
s12nn_4096_2_in1_result1.c
s12nn_4096_2_short_a_assign1.c
s12nn_4096_2_short_a_out1.c
s12nn_4096_in1_out1.c
s12nn_4096_in1_result1.c
s12nn_512_2_2_in1_out1.c
s12nn_512_2_2_sa_result1.c
s12nn_512_2_2_short_a_out1.c
s12nn_512_2_input1_ia.c
s12nn_512_2_sa_out1.c
s12nn_512_sa_ia.c
s12nn_512_short_a_result1.c
s12nn_64_2_2_sa_ia.c
s12nn_64_2_sa_ia.c
s12nn_64_in1_assign1.c
s12nn_64_short_a_out1.c
s12nn_8192_2_2_input1_out1.c
s12nn_8192_2_2_input1_result1.c
s12nn_8192_2_input1_assign1.c
s12nn_8192_short_a_ia.c
s13_1024_mul_1.c
s13_1024_sub_4.c
s13_16384_add_5.c
s13_16384_mul_1.c
s13_16384_sub_0.c
s13_16384_sub_3.c
s13_2048_add_0.c
s13_2048_add_4.c
s13_2048_sub_2.c
s13_2048_sub_5.c
s13_256_add_3.c
s13_256_sub_5.c
s13_4096_mul_2.c
s13_4096_mul_5.c
s13_4096_sub_3.c
s13_64_mul_2.c
s13_64_sub_0.c
s13_8192_add_4.c
s15_1024_1024_add_1.c
s15_1024_1024_add_4.c
s15_1024_128_mul_1.c
s15_1024_128_sub_3.c
s15_1024_16384_add_2.c
s15_1024_16384_mul_1.c
s15_1024_16384_sub_2.c
s15_1024_16384_sub_4.c
s15_1024_2048_mul_4.c
s15_1024_2048_sub_2.c
s15_1024_256_add_2.c
s15_1024_256_mul_3.c
s15_1024_256_mul_4.c
s15_1024_4096_sub_4.c
s15_1024_512_sub_2.c
s15_1024_64_add_0.c
s15_1024_64_mul_4.c
s15_1024_64_sub_0.c
s15_1024_8192_mul_3.c
s15_1024_8192_sub_4.c
s15_128_1024_add_1.c
s15_128_1024_mul_0.c
s15_128_128_add_1.c
s15_128_128_mul_2.c
s15_128_128_sub_1.c
s15_128_16384_add_1.c
s15_128_16384_mul_1.c
s15_128_16384_sub_1.c
s15_128_16384_sub_4.c
s15_128_2048_add_2.c
s15_128_2048_mul_0.c
s15_128_256_add_0.c
s15_128_256_mul_1.c
s15_128_256_sub_0.c
s15_128_256_sub_1.c
s15_128_4096_add_4.c
s15_128_4096_mul_4.c
s15_128_512_add_0.c
s15_128_512_add_2.c
s15_128_64_mul_4.c
s15_128_8192_add_0.c
s15_128_8192_mul_3.c
s15_128_8192_mul_4.c
s15_128_8192_sub_1.c
s15_16384_1024_add_0.c
s15_16384_1024_add_2.c
s15_16384_1024_mul_0.c
s15_16384_16384_sub_2.c
s15_16384_2048_add_3.c
s15_16384_2048_add_4.c
s15_16384_2048_mul_3.c
s15_16384_2048_sub_2.c
s15_16384_256_add_3.c
s15_16384_256_mul_0.c
s15_16384_256_mul_1.c
s15_16384_4096_sub_2.c
s15_16384_512_add_2.c
s15_16384_512_sub_4.c
s15_16384_64_sub_1.c
s15_16384_8192_mul_2.c
s15_16384_8192_mul_4.c
s15_2048_1024_add_0.c
s15_2048_1024_add_2.c
s15_2048_1024_mul_1.c
s15_2048_1024_sub_0.c
s15_2048_128_add_2.c
s15_2048_128_add_3.c
s15_2048_128_mul_0.c
s15_2048_16384_add_0.c
s15_2048_16384_mul_2.c
s15_2048_16384_sub_1.c
s15_2048_2048_add_0.c
s15_2048_256_sub_0.c
s15_2048_256_sub_2.c
s15_2048_4096_mul_2.c
s15_2048_4096_sub_0.c
s15_2048_512_mul_2.c
s15_2048_64_mul_3.c
s15_2048_8192_add_4.c
s15_2048_8192_mul_3.c
s15_2048_8192_sub_2.c
s15_256_1024_mul_0.c
s15_256_1024_sub_2.c
s15_256_128_add_2.c
s15_256_128_sub_3.c
s15_256_16384_add_1.c
s15_256_16384_sub_0.c
s15_256_2048_add_3.c
s15_256_2048_mul_4.c
s15_256_4096_add_0.c
s15_256_4096_add_2.c
s15_256_4096_mul_3.c
s15_256_4096_mul_4.c
s15_256_512_mul_0.c
s15_256_512_sub_4.c
s15_256_8192_add_1.c
s15_256_8192_sub_1.c
s15_256_8192_sub_2.c
s15_256_8192_sub_3.c
s15_4096_1024_add_4.c
s15_4096_128_mul_0.c
s15_4096_128_mul_2.c
s15_4096_128_mul_3.c
s15_4096_128_sub_3.c
s15_4096_16384_mul_3.c
s15_4096_2048_mul_3.c
s15_4096_2048_sub_1.c
s15_4096_2048_sub_3.c
s15_4096_256_add_0.c
s15_4096_4096_mul_0.c
s15_4096_4096_mul_1.c
s15_4096_4096_sub_1.c
s15_4096_512_add_4.c
s15_4096_512_mul_1.c
s15_4096_64_mul_1.c
s15_512_1024_mul_1.c
s15_512_128_add_0.c
s15_512_128_mul_0.c
s15_512_128_mul_4.c
s15_512_128_sub_1.c
s15_512_2048_mul_2.c
s15_512_2048_mul_4.c
s15_512_256_mul_3.c
s15_512_256_sub_0.c
s15_512_256_sub_3.c
s15_512_4096_mul_3.c
s15_512_512_sub_4.c
s15_512_8192_mul_4.c
s15_512_8192_sub_3.c
s15_64_128_add_3.c
s15_64_128_add_4.c
s15_64_128_sub_2.c
s15_64_128_sub_3.c
s15_64_16384_sub_3.c
s15_64_2048_mul_0.c
s15_64_2048_sub_1.c
s15_64_256_add_0.c
s15_64_4096_add_0.c
s15_64_4096_add_1.c
s15_64_64_mul_4.c
s15_64_64_sub_0.c
s15_64_8192_add_2.c
s15_64_8192_add_4.c
s15_64_8192_mul_1.c
s15_64_8192_mul_3.c
s15_64_8192_sub_0.c
s15_8192_1024_add_1.c
s15_8192_1024_sub_3.c
s15_8192_128_add_0.c
s15_8192_128_add_1.c
s15_8192_128_mul_1.c
s15_8192_128_mul_3.c
s15_8192_128_sub_2.c
s15_8192_16384_add_1.c
s15_8192_16384_add_4.c
s15_8192_16384_mul_0.c
s15_8192_16384_mul_1.c
s15_8192_2048_add_1.c
s15_8192_256_mul_3.c
s15_8192_256_sub_1.c
s15_8192_256_sub_3.c
s15_8192_4096_mul_0.c
s15_8192_512_add_4.c
s15_8192_512_mul_1.c
s15_8192_512_sub_2.c
s15_8192_64_add_1.c
s15_8192_64_add_2.c
s15_8192_64_sub_0.c
s15_8192_8192_sub_3.c
s16_1024_1024_2_1.c
s16_1024_128_2_0.c
s16_1024_128_8_2.c
s16_1024_128_8_3.c
s16_1024_16384_2_1.c
s16_1024_16384_2_2.c
s16_1024_16384_8_1.c
s16_1024_2048_4_0.c
s16_1024_256_2_4.c
s16_1024_256_8_5.c
s16_1024_4096_8_0.c
s16_1024_512_2_5.c
s16_1024_512_4_0.c
s16_1024_64_2_0.c
s16_1024_64_4_3.c
s16_1024_8192_2_2.c
s16_1024_8192_4_1.c
s16_128_1024_4_0.c
s16_128_16384_8_1.c
s16_128_2048_4_1.c
s16_128_2048_8_4.c
s16_128_256_8_0.c
s16_128_4096_2_1.c
s16_128_4096_8_3.c
s16_128_512_4_0.c
s16_128_512_4_4.c
s16_128_512_8_2.c
s16_128_64_2_0.c
s16_128_64_8_3.c
s16_128_8192_2_3.c
s16_16384_1024_4_1.c
s16_16384_1024_8_1.c
s16_16384_128_2_0.c
s16_16384_128_2_5.c
s16_16384_128_8_4.c
s16_16384_128_8_5.c
s16_16384_16384_2_1.c
s16_16384_16384_2_3.c
s16_16384_2048_2_2.c
s16_16384_256_2_0.c
s16_16384_256_8_2.c
s16_16384_512_2_0.c
s16_16384_512_4_4.c
s16_16384_512_4_5.c
s16_16384_512_8_3.c
s16_16384_64_2_4.c
s16_16384_64_4_0.c
s16_16384_64_4_2.c
s16_16384_64_8_2.c
s16_2048_1024_4_1.c
s16_2048_128_2_0.c
s16_2048_128_4_3.c
s16_2048_2048_4_5.c
s16_2048_256_2_2.c
s16_2048_256_4_4.c
s16_2048_256_8_3.c
s16_2048_4096_2_3.c
s16_2048_4096_2_5.c
s16_2048_4096_8_2.c
s16_2048_512_2_2.c
s16_2048_512_2_4.c
s16_2048_64_8_4.c
s16_2048_8192_2_0.c
s16_2048_8192_8_0.c
s16_2048_8192_8_4.c
s16_256_1024_2_1.c
s16_256_1024_2_3.c
s16_256_1024_4_0.c
s16_256_1024_4_2.c
s16_256_128_4_0.c
s16_256_128_4_5.c
s16_256_16384_4_1.c
s16_256_16384_8_0.c
s16_256_16384_8_5.c
s16_256_2048_2_4.c
s16_256_256_8_4.c
s16_256_4096_2_2.c
s16_256_4096_4_4.c
s16_256_512_2_4.c
s16_256_512_8_1.c
s16_256_64_2_1.c
s16_256_64_2_3.c
s16_256_64_8_0.c
s16_256_8192_8_1.c
s16_4096_1024_2_3.c
s16_4096_1024_4_2.c
s16_4096_128_4_0.c
s16_4096_128_4_3.c
s16_4096_128_4_5.c
s16_4096_16384_2_2.c
s16_4096_16384_4_1.c
s16_4096_16384_4_3.c
s16_4096_2048_8_3.c
s16_4096_2048_8_4.c
s16_4096_256_8_0.c
s16_4096_256_8_4.c
s16_4096_4096_2_4.c
s16_4096_4096_4_5.c
s16_4096_512_4_5.c
s16_4096_64_4_4.c
s16_4096_64_8_4.c
s16_4096_8192_2_0.c
s16_4096_8192_2_3.c
s16_4096_8192_2_4.c
s16_4096_8192_8_2.c
s16_4096_8192_8_3.c
s16_512_1024_8_1.c
s16_512_16384_8_2.c
s16_512_2048_4_3.c
s16_512_2048_8_3.c
s16_512_256_8_0.c
s16_512_256_8_3.c
s16_512_4096_8_3.c
s16_512_512_4_4.c
s16_512_512_8_2.c
s16_512_64_8_2.c
s16_512_64_8_4.c
s16_512_8192_8_0.c
s16_64_1024_2_5.c
s16_64_1024_4_3.c
s16_64_1024_8_1.c
s16_64_16384_2_1.c
s16_64_16384_4_0.c
s16_64_16384_8_2.c
s16_64_16384_8_3.c
s16_64_2048_2_0.c
s16_64_2048_2_1.c
s16_64_2048_4_0.c
s16_64_256_8_4.c
s16_64_4096_2_5.c
s16_64_4096_4_5.c
s16_64_4096_8_0.c
s16_64_4096_8_3.c
s16_64_512_4_3.c
s16_64_8192_4_2.c
s16_64_8192_4_3.c
s16_64_8192_4_5.c
s16_8192_1024_2_1.c
s16_8192_128_2_2.c
s16_8192_128_2_5.c
s16_8192_128_4_4.c
s16_8192_128_8_2.c
s16_8192_16384_2_1.c
s16_8192_16384_2_5.c
s16_8192_16384_4_0.c
s16_8192_16384_8_5.c
s16_8192_2048_2_3.c
s16_8192_2048_2_5.c
s16_8192_2048_4_1.c
s16_8192_2048_4_4.c
s16_8192_2048_8_1.c
s16_8192_256_4_0.c
s16_8192_4096_2_3.c
s16_8192_4096_8_2.c
s16_8192_512_2_5.c
s16_8192_512_4_0.c
s16_8192_512_4_2.c
s16_8192_64_4_3.c
s16_8192_64_4_5.c
s16_8192_8192_4_0.c
s16_8192_8192_4_1.c
s16_8192_8192_8_1.c
s17_1024_sum_2.c
s17_1024_sum_5.c
s17_128_sum_3.c
s17_128_sum_6.c
s17_16384_sum_2.c
s17_2048_mul_1.c
s17_2048_mul_3.c
s17_256_mul_1.c
s17_256_mul_4.c
s17_256_mul_6.c
s17_256_sub_5.c
s17_4096_sub_4.c
s17_512_mul_3.c
s17_512_mul_5.c
s17_512_sub_6.c
s17_512_sum_6.c
s17_64_sub_6.c
s17_64_sum_5.c
s17_8192_sub_0.c
s17_8192_sub_1.c
s17_8192_sum_4.c
s17_8192_sum_6.c
s18_1024_d_result.c
s18_1024_input_out.c
s18_1024_src_res.c
s18_128_d_dst.c
s18_128_i1_res.c
s18_128_input_dst.c
s18_128_input_output.c
s18_16384_d_dst.c
s18_16384_i1_out.c
s18_16384_i1_output.c
s18_16384_in_result.c
s18_16384_input_output.c
s18_2048_a_out.c
s18_2048_a_res.c
s18_2048_d_res.c
s18_2048_i1_out.c
s18_2048_in_out.c
s18_2048_input_result.c
s18_4096_d_dst.c
s18_4096_d_res.c
s18_4096_i1_res.c
s18_4096_in_dst.c
s18_4096_in_res.c
s18_4096_input_res.c
s18_512_a_dst.c
s18_512_d_result.c
s18_512_input_dst.c
s18_512_input_result.c
s18_512_src_res.c
s18_64_d_res.c
s18_64_in_dst.c
s18_64_src_result.c
s18_8192_d_dst.c
s18_8192_src_output.c
s1_128_add_2.c
s1_128_mul_1.c
s1_16384_add_3.c
s1_16384_mul_0.c
s1_2048_mul_4.c
s1_256_add_0.c
s1_256_add_2.c
s1_4096_mul_1.c
s1_4096_sub_0.c
s1_512_mul_0.c
s1_512_mul_5.c
s1_512_sub_1.c
s1_512_sub_2.c
s1_512_sub_4.c
s1_64_add_3.c
s1_64_add_5.c
s1_64_sub_2.c
s1_8192_add_5.c
s2_1024_2_2_z_b.c
s2_1024_2_2_z_out.c
s2_1024_2_4_x_out.c
s2_1024_2_4_y_output.c
s2_1024_y_b.c
s2_128_2_x_b.c
s2_16384_2_2_z_output.c
s2_16384_2_4_y_output.c
s2_16384_2_y_out.c
s2_16384_2_y_output.c
s2_16384_x_out.c
s2_16384_x_output.c
s2_16384_y_output.c
s2_2048_2_2_z_out.c
s2_2048_2_4_y_b.c
s2_2048_2_4_y_output.c
s2_2048_2_y_b.c
s2_2048_2_z_out.c
s2_2048_y_b.c
s2_2048_y_out.c
s2_256_2_2_x_b.c
s2_256_2_2_x_out.c
s2_256_2_4_z_b.c
s2_256_2_y_output.c
s2_256_x_b.c
s2_256_x_out.c
s2_256_z_output.c
s2_4096_2_4_y_b.c
s2_4096_2_z_output.c
s2_4096_x_out.c
s2_4096_z_b.c
s2_4096_z_output.c
s2_512_2_2_y_out.c
s2_512_2_4_y_output.c
s2_512_2_x_out.c
s2_512_x_b.c
s2_512_y_out.c
s2_512_z_b.c
s2_512_z_out.c
s2_64_2_2_x_output.c
s2_64_2_4_y_b.c
s2_64_2_4_y_output.c
s2_64_2_z_output.c
s2_64_x_output.c
s2_8192_2_2_y_output.c
s6_128_add_0.c
s6_128_mul_4.c
s6_16384_sub_4.c
s6_2048_mul_0.c
s6_2048_mul_3.c
s6_256_mul_1.c
s6_512_add_5.c
s6_512_mul_2.c
s6_512_sub_1.c
s6_64_add_1.c
s6_64_add_2.c
s6_64_sub_3.c
s6_8192_add_4.c
s6_8192_add_5.c
s6_8192_mul_0.c
s6n_128_add_5.c
s6n_128_sub_2.c
s6n_128_sub_4.c
s6n_16384_mul_1.c
s6n_2048_add_2.c
s6n_2048_add_4.c
s6n_2048_add_5.c
s6n_2048_sub_1.c
s6n_256_add_5.c
s6n_256_mul_0.c
s6n_256_mul_2.c
s6n_256_mul_5.c
s6n_256_sub_3.c
s6n_4096_add_0.c
s6n_4096_add_5.c
s6n_4096_mul_5.c
s6n_512_mul_4.c
s6n_512_mul_5.c
s6n_512_sub_0.c
s6n_64_add_2.c
s6n_64_mul_1.c
s6n_8192_add_0.c
s6n_8192_sub_1.c
s6n_8192_sub_4.c
s7_2048_4.c
s7_256_4.c
s7_64_5.c
s7n_128_3.c
s7n_16384_0.c
s7n_2048_4.c
s8_1024_4.c
s8_1024_5.c
s8_2048_5.c
s8_4096_0.c
s8_512_0.c
s8n_1024_mul_2.c
s8n_1024_mul_5.c
s8n_128_add_3.c
s8n_128_sub_5.c
s8n_16384_mul_0.c
s8n_16384_sub_3.c
s8n_16384_sub_6.c
s8n_2048_add_0.c
s8n_2048_add_1.c
s8n_2048_add_6.c
s8n_2048_mul_3.c
s8n_2048_mul_6.c
s8n_256_mul_4.c
s8n_512_add_3.c
s8n_512_mul_1.c
s8n_512_sub_1.c
s8n_512_sub_5.c
s8n_64_add_5.c
s8n_64_add_6.c
s8n_8192_sub_1.c
s8n_8192_sub_3.c
s8n_8192_sub_5.c
s9_1024_1024_0.c
s9_1024_128_1.c
s9_1024_4096_0.c
s9_1024_4096_3.c
s9_128_1024_4.c
s9_128_16384_0.c
s9_128_4096_2.c
s9_128_512_4.c
s9_128_64_2.c
s9_16384_1024_4.c
s9_16384_16384_1.c
s9_16384_2048_0.c
s9_16384_2048_2.c
s9_16384_2048_3.c
s9_16384_512_4.c
s9_2048_128_1.c
s9_2048_4096_4.c
s9_2048_512_4.c
s9_256_1024_1.c
s9_256_256_2.c
s9_256_4096_2.c
s9_256_512_0.c
s9_256_512_1.c
s9_256_64_0.c
s9_256_64_4.c
s9_4096_128_3.c
s9_4096_512_4.c
s9_4096_64_0.c
s9_4096_8192_4.c
s9_512_128_2.c
s9_512_128_3.c
s9_512_2048_2.c
s9_512_256_1.c
s9_64_1024_0.c
s9_64_2048_0.c
s9_64_2048_3.c
s9_64_512_0.c
s9_64_64_2.c
s9_64_8192_2.c
s9_8192_1024_2.c
s9_8192_16384_3.c
s9_8192_256_0.c
s9_8192_256_2.c
s9_8192_256_3.c
s9n_1024_1024_1_y.c
s9n_1024_1024_3_y.c
s9n_1024_1024_4_x.c
s9n_1024_128_0_y.c
s9n_1024_128_1_z.c
s9n_1024_128_4_z.c
s9n_1024_16384_0_y.c
s9n_1024_16384_3_x.c
s9n_1024_16384_3_y.c
s9n_1024_2048_0_z.c
s9n_1024_2048_2_y.c
s9n_1024_2048_3_y.c
s9n_1024_2048_4_x.c
s9n_1024_256_1_y.c
s9n_1024_256_3_x.c
s9n_1024_256_4_z.c
s9n_1024_4096_1_y.c
s9n_1024_4096_2_z.c
s9n_1024_512_1_x.c
s9n_1024_512_3_x.c
s9n_1024_64_1_x.c
s9n_1024_8192_0_z.c
s9n_1024_8192_4_y.c
s9n_128_1024_1_x.c
s9n_128_1024_2_y.c
s9n_128_1024_3_x.c
s9n_128_128_0_z.c
s9n_128_16384_4_y.c
s9n_128_2048_0_y.c
s9n_128_2048_1_z.c
s9n_128_2048_2_x.c
s9n_128_2048_2_z.c
s9n_128_256_1_z.c
s9n_128_4096_1_x.c
s9n_128_4096_1_z.c
s9n_128_512_2_z.c
s9n_128_512_3_y.c
s9n_128_512_3_z.c
s9n_128_64_2_z.c
s9n_128_64_3_y.c
s9n_128_8192_3_x.c
s9n_128_8192_3_y.c
s9n_128_8192_4_z.c
s9n_16384_128_1_y.c
s9n_16384_128_3_z.c
s9n_16384_128_4_y.c
s9n_16384_16384_4_x.c
s9n_16384_2048_0_y.c
s9n_16384_2048_4_x.c
s9n_16384_256_0_x.c
s9n_16384_256_4_z.c
s9n_16384_4096_0_x.c
s9n_16384_4096_1_x.c
s9n_16384_4096_2_y.c
s9n_16384_4096_3_x.c
s9n_16384_4096_3_y.c
s9n_16384_64_0_x.c
s9n_16384_64_1_x.c
s9n_16384_8192_3_z.c
s9n_2048_1024_2_x.c
s9n_2048_1024_3_z.c
s9n_2048_1024_4_x.c
s9n_2048_128_1_z.c
s9n_2048_128_4_y.c
s9n_2048_16384_2_x.c
s9n_2048_16384_4_y.c
s9n_2048_2048_0_x.c
s9n_2048_2048_4_y.c
s9n_2048_256_1_x.c
s9n_2048_256_1_y.c
s9n_2048_4096_0_x.c
s9n_2048_4096_2_z.c
s9n_2048_4096_4_y.c
s9n_2048_512_0_y.c
s9n_2048_64_2_z.c
s9n_2048_64_4_y.c
s9n_2048_8192_0_x.c
s9n_2048_8192_1_x.c
s9n_2048_8192_2_y.c
s9n_2048_8192_3_z.c
s9n_256_128_1_z.c
s9n_256_16384_2_x.c
s9n_256_16384_3_z.c
s9n_256_2048_1_z.c
s9n_256_256_1_z.c
s9n_256_256_3_x.c
s9n_256_4096_1_x.c
s9n_256_4096_2_x.c
s9n_256_512_3_x.c
s9n_256_8192_1_x.c
s9n_256_8192_1_y.c
s9n_256_8192_3_y.c
s9n_256_8192_4_z.c
s9n_4096_1024_0_z.c
s9n_4096_1024_1_x.c
s9n_4096_1024_1_y.c
s9n_4096_1024_4_y.c
s9n_4096_1024_4_z.c
s9n_4096_128_1_x.c
s9n_4096_16384_3_x.c
s9n_4096_2048_3_x.c
s9n_4096_256_1_y.c
s9n_4096_256_2_x.c
s9n_4096_256_3_x.c
s9n_4096_4096_4_z.c
s9n_4096_512_0_z.c
s9n_4096_512_1_z.c
s9n_4096_512_2_y.c
s9n_4096_512_2_z.c
s9n_4096_512_3_x.c
s9n_4096_512_3_y.c
s9n_4096_64_2_x.c
s9n_4096_64_2_y.c
s9n_4096_64_3_x.c
s9n_4096_64_4_x.c
s9n_4096_8192_0_y.c
s9n_512_1024_0_x.c
s9n_512_1024_1_y.c
s9n_512_1024_1_z.c
s9n_512_1024_2_z.c
s9n_512_1024_4_x.c
s9n_512_128_1_y.c
s9n_512_128_2_z.c
s9n_512_16384_4_y.c
s9n_512_16384_4_z.c
s9n_512_2048_3_z.c
s9n_512_256_0_x.c
s9n_512_256_2_y.c
s9n_512_4096_2_y.c
s9n_512_512_1_z.c
s9n_512_512_3_x.c
s9n_512_512_3_z.c
s9n_512_512_4_z.c
s9n_512_64_4_z.c
s9n_512_8192_3_z.c
s9n_512_8192_4_z.c
s9n_64_1024_3_z.c
s9n_64_1024_4_x.c
s9n_64_1024_4_z.c
s9n_64_128_0_z.c
s9n_64_128_1_z.c
s9n_64_128_2_y.c
s9n_64_16384_3_x.c
s9n_64_2048_0_y.c
s9n_64_2048_1_z.c
s9n_64_2048_2_z.c
s9n_64_256_0_y.c
s9n_64_256_0_z.c
s9n_64_256_1_x.c
s9n_64_256_3_z.c
s9n_64_512_1_y.c
s9n_64_512_2_z.c
s9n_64_512_4_x.c
s9n_64_64_1_x.c
s9n_64_64_4_x.c
s9n_64_8192_4_z.c
s9n_8192_1024_4_x.c
s9n_8192_1024_4_y.c
s9n_8192_128_0_y.c
s9n_8192_16384_3_x.c
s9n_8192_2048_0_x.c
s9n_8192_2048_0_z.c
s9n_8192_256_1_z.c
s9n_8192_256_3_x.c
s9n_8192_256_3_z.c
s9n_8192_4096_1_x.c
s9n_8192_4096_1_y.c
s9n_8192_4096_2_x.c
s9n_8192_512_0_x.c
s9n_8192_512_0_y.c
s9n_8192_512_3_y.c
s9n_8192_64_4_z.c
s9n_8192_8192_0_x.c
s9n_8192_8192_2_y.c
